<?xml version="1.0" encoding="UTF-8"?>
<!-- Generated by org.testng.reporters.JUnitXMLReporter -->
<testsuite ignored="0" hostname="DESKTOP-N6TDSTB" failures="0" tests="25" name="Regression" time="6.548" errors="0" timestamp="2023-09-20T21:15:58 SGT">
  <testcase classname="TestCases.UserStory1" name="TestUS1AC1" time="1.332"/>
  <testcase classname="TestCases.UserStory1" name="TestUS1AC1" time="0.047"/>
  <testcase classname="TestCases.UserStory1" name="TestUS1AC1" time="0.046"/>
  <testcase classname="TestCases.UserStory1" name="TestUS1AC2" time="0.575"/>
  <testcase classname="TestCases.UserStory1" name="TestUS1AC2" time="0.048"/>
  <testcase classname="TestCases.UserStory1" name="TestUS1AC2" time="0.06"/>
  <testcase classname="TestCases.UserStory1" name="TestUS1AC2" time="0.038"/>
  <testcase classname="TestCases.UserStory1" name="TestUS1AC2" time="0.058"/>
  <testcase classname="TestCases.UserStory1" name="TestUS1AC2" time="0.037"/>
  <testcase classname="TestCases.UserStory1" name="TestUS1AC2" time="0.037"/>
  <testcase classname="TestCases.UserStory2" name="testAC1AndAC2" time="1.557"/>
  <testcase classname="TestCases.UserStory2" name="testAC4" time="1.533"/>
  <testcase classname="TestCases.UserStory3" name="testAC1AndAC2" time="0.52"/>
  <testcase classname="TestCases.UserStory4" name="TestUS4AC1" time="0.074"/>
  <testcase classname="TestCases.UserStory4" name="TestUS4AC1" time="0.055"/>
  <testcase classname="TestCases.UserStory4" name="TestUS4AC1" time="0.05"/>
  <testcase classname="TestCases.UserStory4" name="TestUS4AC2" time="0.043"/>
  <testcase classname="TestCases.UserStory4" name="TestUS4AC2" time="0.048"/>
  <testcase classname="TestCases.UserStory4" name="TestUS4AC2" time="0.058"/>
  <testcase classname="TestCases.UserStory4" name="TestUS4AC2" time="0.066"/>
  <testcase classname="TestCases.UserStory4" name="TestUS4AC2" time="0.067"/>
  <testcase classname="TestCases.UserStory4" name="TestUS4AC2" time="0.043"/>
  <testcase classname="TestCases.UserStory4" name="TestUS4AC2" time="0.042"/>
  <testcase classname="TestCases.UserStory5" name="TestUS6AC1" time="0.037"/>
  <testcase classname="TestCases.UserStory6" name="TestUS6AC1" time="0.016"/>
</testsuite> <!-- Regression -->
